<?xml version="1.0" encoding="UTF-8"?>
<testsuite xmlns:xsi="http://www.w3.org/2001/XMLSchema-instance" xsi:noNamespaceSchemaLocation="https://maven.apache.org/surefire/maven-surefire-plugin/xsd/surefire-test-report-3.0.xsd" version="3.0" name="ku.atm.AtmUATTest" time="0.215" tests="8" errors="0" skipped="0" failures="0">
  <properties>
    <property name="java.specification.version" value="23"/>
    <property name="sun.cpu.isalist" value="amd64"/>
    <property name="sun.jnu.encoding" value="Cp1252"/>
    <property name="java.class.path" value="G:\study\work\year3_term2\Devops\cucumber\cucumber-atm\target\test-classes;G:\study\work\year3_term2\Devops\cucumber\cucumber-atm\target\classes;C:\Users\thira\.m2\repository\org\junit\jupiter\junit-jupiter-api\5.9.0\junit-jupiter-api-5.9.0.jar;C:\Users\thira\.m2\repository\org\opentest4j\opentest4j\1.2.0\opentest4j-1.2.0.jar;C:\Users\thira\.m2\repository\org\junit\platform\junit-platform-commons\1.9.0\junit-platform-commons-1.9.0.jar;C:\Users\thira\.m2\repository\org\apiguardian\apiguardian-api\1.1.2\apiguardian-api-1.1.2.jar;C:\Users\thira\.m2\repository\io\cucumber\cucumber-java\7.8.0\cucumber-java-7.8.0.jar;C:\Users\thira\.m2\repository\io\cucumber\cucumber-core\7.8.0\cucumber-core-7.8.0.jar;C:\Users\thira\.m2\repository\io\cucumber\cucumber-gherkin\7.8.0\cucumber-gherkin-7.8.0.jar;C:\Users\thira\.m2\repository\io\cucumber\cucumber-gherkin-messages\7.8.0\cucumber-gherkin-messages-7.8.0.jar;C:\Users\thira\.m2\repository\io\cucumber\gherkin\24.0.0\gherkin-24.0.0.jar;C:\Users\thira\.m2\repository\io\cucumber\messages\19.1.2\messages-19.1.2.jar;C:\Users\thira\.m2\repository\io\cucumber\tag-expressions\4.1.0\tag-expressions-4.1.0.jar;C:\Users\thira\.m2\repository\io\cucumber\cucumber-expressions\16.0.0\cucumber-expressions-16.0.0.jar;C:\Users\thira\.m2\repository\io\cucumber\datatable\7.8.0\datatable-7.8.0.jar;C:\Users\thira\.m2\repository\io\cucumber\cucumber-plugin\7.8.0\cucumber-plugin-7.8.0.jar;C:\Users\thira\.m2\repository\io\cucumber\docstring\7.8.0\docstring-7.8.0.jar;C:\Users\thira\.m2\repository\io\cucumber\html-formatter\20.1.0\html-formatter-20.1.0.jar;C:\Users\thira\.m2\repository\io\cucumber\ci-environment\9.1.0\ci-environment-9.1.0.jar;C:\Users\thira\.m2\repository\io\cucumber\cucumber-junit\7.8.0\cucumber-junit-7.8.0.jar;C:\Users\thira\.m2\repository\junit\junit\4.13.2\junit-4.13.2.jar;C:\Users\thira\.m2\repository\org\hamcrest\hamcrest-core\1.3\hamcrest-core-1.3.jar;"/>
    <property name="java.vm.vendor" value="Oracle Corporation"/>
    <property name="sun.arch.data.model" value="64"/>
    <property name="user.variant" value=""/>
    <property name="java.vendor.url" value="https://java.oracle.com/"/>
    <property name="user.timezone" value="Asia/Bangkok"/>
    <property name="os.name" value="Windows 10"/>
    <property name="java.vm.specification.version" value="23"/>
    <property name="sun.java.launcher" value="SUN_STANDARD"/>
    <property name="user.country" value="US"/>
    <property name="sun.boot.library.path" value="C:\Program Files\Java\jdk-23\bin"/>
    <property name="sun.java.command" value="C:\Users\thira\AppData\Local\Temp\surefire11160911671761364559\surefirebooter-20250120232247137_3.jar C:\Users\thira\AppData\Local\Temp\surefire11160911671761364559 2025-01-20T23-22-47_051-jvmRun1 surefire-20250120232247137_1tmp surefire_0-20250120232247137_2tmp"/>
    <property name="jdk.debug" value="release"/>
    <property name="surefire.test.class.path" value="G:\study\work\year3_term2\Devops\cucumber\cucumber-atm\target\test-classes;G:\study\work\year3_term2\Devops\cucumber\cucumber-atm\target\classes;C:\Users\thira\.m2\repository\org\junit\jupiter\junit-jupiter-api\5.9.0\junit-jupiter-api-5.9.0.jar;C:\Users\thira\.m2\repository\org\opentest4j\opentest4j\1.2.0\opentest4j-1.2.0.jar;C:\Users\thira\.m2\repository\org\junit\platform\junit-platform-commons\1.9.0\junit-platform-commons-1.9.0.jar;C:\Users\thira\.m2\repository\org\apiguardian\apiguardian-api\1.1.2\apiguardian-api-1.1.2.jar;C:\Users\thira\.m2\repository\io\cucumber\cucumber-java\7.8.0\cucumber-java-7.8.0.jar;C:\Users\thira\.m2\repository\io\cucumber\cucumber-core\7.8.0\cucumber-core-7.8.0.jar;C:\Users\thira\.m2\repository\io\cucumber\cucumber-gherkin\7.8.0\cucumber-gherkin-7.8.0.jar;C:\Users\thira\.m2\repository\io\cucumber\cucumber-gherkin-messages\7.8.0\cucumber-gherkin-messages-7.8.0.jar;C:\Users\thira\.m2\repository\io\cucumber\gherkin\24.0.0\gherkin-24.0.0.jar;C:\Users\thira\.m2\repository\io\cucumber\messages\19.1.2\messages-19.1.2.jar;C:\Users\thira\.m2\repository\io\cucumber\tag-expressions\4.1.0\tag-expressions-4.1.0.jar;C:\Users\thira\.m2\repository\io\cucumber\cucumber-expressions\16.0.0\cucumber-expressions-16.0.0.jar;C:\Users\thira\.m2\repository\io\cucumber\datatable\7.8.0\datatable-7.8.0.jar;C:\Users\thira\.m2\repository\io\cucumber\cucumber-plugin\7.8.0\cucumber-plugin-7.8.0.jar;C:\Users\thira\.m2\repository\io\cucumber\docstring\7.8.0\docstring-7.8.0.jar;C:\Users\thira\.m2\repository\io\cucumber\html-formatter\20.1.0\html-formatter-20.1.0.jar;C:\Users\thira\.m2\repository\io\cucumber\ci-environment\9.1.0\ci-environment-9.1.0.jar;C:\Users\thira\.m2\repository\io\cucumber\cucumber-junit\7.8.0\cucumber-junit-7.8.0.jar;C:\Users\thira\.m2\repository\junit\junit\4.13.2\junit-4.13.2.jar;C:\Users\thira\.m2\repository\org\hamcrest\hamcrest-core\1.3\hamcrest-core-1.3.jar;"/>
    <property name="sun.cpu.endian" value="little"/>
    <property name="user.home" value="C:\Users\thira"/>
    <property name="user.language" value="en"/>
    <property name="java.specification.vendor" value="Oracle Corporation"/>
    <property name="java.version.date" value="2024-10-15"/>
    <property name="java.home" value="C:\Program Files\Java\jdk-23"/>
    <property name="file.separator" value="\"/>
    <property name="basedir" value="G:\study\work\year3_term2\Devops\cucumber\cucumber-atm"/>
    <property name="java.vm.compressedOopsMode" value="Zero based"/>
    <property name="line.separator" value="&#10;"/>
    <property name="java.vm.specification.vendor" value="Oracle Corporation"/>
    <property name="java.specification.name" value="Java Platform API Specification"/>
    <property name="surefire.real.class.path" value="C:\Users\thira\AppData\Local\Temp\surefire11160911671761364559\surefirebooter-20250120232247137_3.jar"/>
    <property name="user.script" value=""/>
    <property name="sun.management.compiler" value="HotSpot 64-Bit Tiered Compilers"/>
    <property name="java.runtime.version" value="23.0.1+11-39"/>
    <property name="user.name" value="thira"/>
    <property name="stdout.encoding" value="Cp1252"/>
    <property name="path.separator" value=";"/>
    <property name="os.version" value="10.0"/>
    <property name="java.runtime.name" value="Java(TM) SE Runtime Environment"/>
    <property name="file.encoding" value="UTF-8"/>
    <property name="java.vm.name" value="Java HotSpot(TM) 64-Bit Server VM"/>
    <property name="localRepository" value="C:\Users\thira\.m2\repository"/>
    <property name="java.vendor.url.bug" value="https://bugreport.java.com/bugreport/"/>
    <property name="java.io.tmpdir" value="C:\Users\thira\AppData\Local\Temp\"/>
    <property name="java.version" value="23.0.1"/>
    <property name="user.dir" value="G:\study\work\year3_term2\Devops\cucumber\cucumber-atm"/>
    <property name="os.arch" value="amd64"/>
    <property name="java.vm.specification.name" value="Java Virtual Machine Specification"/>
    <property name="sun.os.patch.level" value=""/>
    <property name="native.encoding" value="Cp1252"/>
    <property name="java.library.path" value="C:\Program Files\Java\jdk-23\bin;C:\Windows\Sun\Java\bin;C:\Windows\system32;C:\Windows;C:\Program Files\Common Files\Oracle\Java\javapath;C:\msys64\mingw64\bin;C:\Program Files\Git\cmd;C:\Program Files\dotnet\;C:\Program Files\nodejs\;C:\Windows\System32;C:\Program Files\NVIDIA Corporation\NVIDIA NvDLISR;C:\apache-maven-3.9.9\bin;C:\Users\thira\AppData\Local\Microsoft\WindowsApps;E:\Microsoft VS Code\bin;C:\Users\thira\AppData\Roaming\npm;C:\Users\thira\.dotnet\tools;C:\Program Files\JetBrains\IntelliJ IDEA 2024.3.1.1\bin;C:\Users\thira\AppData\Local\JetBrains\Toolbox\scripts;;."/>
    <property name="java.vm.info" value="mixed mode, sharing"/>
    <property name="stderr.encoding" value="Cp1252"/>
    <property name="java.vendor" value="Oracle Corporation"/>
    <property name="java.vm.version" value="23.0.1+11-39"/>
    <property name="sun.io.unicode.encoding" value="UnicodeLittle"/>
    <property name="java.class.version" value="67.0"/>
  </properties>
  <testcase name="Deposit money successfully" classname="Deposit money" time="0.05">
    <system-out><![CDATA[
Scenario: Deposit money successfully                             &amp#27;[90m# features/deposit.feature:10&amp#27;[0m
  &amp#27;[32mGiven &amp#27;[0m&amp#27;[32ma customer with id &amp#27;[0m&amp#27;[32m&amp#27;[1m1&amp#27;[0m&amp#27;[32m and pin &amp#27;[0m&amp#27;[32m&amp#27;[1m111&amp#27;[0m&amp#27;[32m with balance &amp#27;[0m&amp#27;[32m&amp#27;[1m100&amp#27;[0m&amp#27;[32m exists&amp#27;[0m &amp#27;[90m# ku.atm.StepDefATM.a_customer_with_id_and_pin_with_balance_exists(int,int,double)&amp#27;[0m
  &amp#27;[32mWhen &amp#27;[0m&amp#27;[32mI login to ATM with id &amp#27;[0m&amp#27;[32m&amp#27;[1m1&amp#27;[0m&amp#27;[32m and pin &amp#27;[0m&amp#27;[32m&amp#27;[1m111&amp#27;[0m                      &amp#27;[90m# ku.atm.StepDefATM.i_login_to_ATM_with_id_and_pin(int,int)&amp#27;[0m
  &amp#27;[32mWhen &amp#27;[0m&amp#27;[32mI deposit &amp#27;[0m&amp#27;[32m&amp#27;[1m200&amp#27;[0m                                             &amp#27;[90m# ku.atm.StepDefATM.i_deposit(double)&amp#27;[0m
  &amp#27;[32mThen &amp#27;[0m&amp#27;[32mmy account balance is &amp#27;[0m&amp#27;[32m&amp#27;[1m300&amp#27;[0m                                 &amp#27;[90m# ku.atm.StepDefATM.my_account_balance_is(double)&amp#27;[0m
]]></system-out>
  </testcase>
  <testcase name="Deposit zero or negative amount" classname="Deposit money" time="0.007">
    <system-out><![CDATA[
Scenario: Deposit zero or negative amount                        &amp#27;[90m# features/deposit.feature:14&amp#27;[0m
  &amp#27;[32mGiven &amp#27;[0m&amp#27;[32ma customer with id &amp#27;[0m&amp#27;[32m&amp#27;[1m1&amp#27;[0m&amp#27;[32m and pin &amp#27;[0m&amp#27;[32m&amp#27;[1m111&amp#27;[0m&amp#27;[32m with balance &amp#27;[0m&amp#27;[32m&amp#27;[1m100&amp#27;[0m&amp#27;[32m exists&amp#27;[0m &amp#27;[90m# ku.atm.StepDefATM.a_customer_with_id_and_pin_with_balance_exists(int,int,double)&amp#27;[0m
  &amp#27;[32mWhen &amp#27;[0m&amp#27;[32mI login to ATM with id &amp#27;[0m&amp#27;[32m&amp#27;[1m1&amp#27;[0m&amp#27;[32m and pin &amp#27;[0m&amp#27;[32m&amp#27;[1m111&amp#27;[0m                      &amp#27;[90m# ku.atm.StepDefATM.i_login_to_ATM_with_id_and_pin(int,int)&amp#27;[0m
  &amp#27;[32mWhen &amp#27;[0m&amp#27;[32mI deposit &amp#27;[0m&amp#27;[32m&amp#27;[1m-50&amp#27;[0m                                             &amp#27;[90m# ku.atm.StepDefATM.i_deposit(double)&amp#27;[0m
  &amp#27;[32mThen &amp#27;[0m&amp#27;[32mI should see an error message &amp#27;[0m&amp#27;[32m&amp#27;[1m"Invalid deposit amount"&amp#27;[0m    &amp#27;[90m# ku.atm.StepDefATM.i_should_see_an_error_message(java.lang.String)&amp#27;[0m
]]></system-out>
  </testcase>
  <testcase name="Correct id and pin" classname="login" time="0.005">
    <system-out><![CDATA[
Scenario: Correct id and pin                    &amp#27;[90m# features/login.feature:9&amp#27;[0m
  &amp#27;[32mGiven &amp#27;[0m&amp#27;[32ma customer with id &amp#27;[0m&amp#27;[32m&amp#27;[1m1&amp#27;[0m&amp#27;[32m and pin &amp#27;[0m&amp#27;[32m&amp#27;[1m111&amp#27;[0m&amp#27;[32m exists&amp#27;[0m &amp#27;[90m# ku.atm.StepDefATM.a_customer_with_id_and_pin_exists(int,int)&amp#27;[0m
  &amp#27;[32mWhen &amp#27;[0m&amp#27;[32mI login to ATM with id &amp#27;[0m&amp#27;[32m&amp#27;[1m1&amp#27;[0m&amp#27;[32m and pin &amp#27;[0m&amp#27;[32m&amp#27;[1m111&amp#27;[0m     &amp#27;[90m# ku.atm.StepDefATM.i_login_to_ATM_with_id_and_pin(int,int)&amp#27;[0m
  &amp#27;[32mThen &amp#27;[0m&amp#27;[32mI can login&amp#27;[0m                              &amp#27;[90m# ku.atm.StepDefATM.i_can_login()&amp#27;[0m
]]></system-out>
  </testcase>
  <testcase name="Incorrect pin" classname="login" time="0.005">
    <system-out><![CDATA[
Scenario: Incorrect pin                         &amp#27;[90m# features/login.feature:13&amp#27;[0m
  &amp#27;[32mGiven &amp#27;[0m&amp#27;[32ma customer with id &amp#27;[0m&amp#27;[32m&amp#27;[1m1&amp#27;[0m&amp#27;[32m and pin &amp#27;[0m&amp#27;[32m&amp#27;[1m111&amp#27;[0m&amp#27;[32m exists&amp#27;[0m &amp#27;[90m# ku.atm.StepDefATM.a_customer_with_id_and_pin_exists(int,int)&amp#27;[0m
  &amp#27;[32mWhen &amp#27;[0m&amp#27;[32mI login to ATM with id &amp#27;[0m&amp#27;[32m&amp#27;[1m1&amp#27;[0m&amp#27;[32m and pin &amp#27;[0m&amp#27;[32m&amp#27;[1m222&amp#27;[0m     &amp#27;[90m# ku.atm.StepDefATM.i_login_to_ATM_with_id_and_pin(int,int)&amp#27;[0m
  &amp#27;[32mThen &amp#27;[0m&amp#27;[32mI cannot login&amp#27;[0m                           &amp#27;[90m# ku.atm.StepDefATM.i_cannot_login()&amp#27;[0m
]]></system-out>
  </testcase>
  <testcase name="Login with invalid ID" classname="login" time="0.006">
    <system-out><![CDATA[
Scenario: Login with invalid ID                    &amp#27;[90m# features/login.feature:17&amp#27;[0m
  &amp#27;[32mGiven &amp#27;[0m&amp#27;[32ma customer with id &amp#27;[0m&amp#27;[32m&amp#27;[1m1&amp#27;[0m&amp#27;[32m and pin &amp#27;[0m&amp#27;[32m&amp#27;[1m111&amp#27;[0m&amp#27;[32m exists&amp#27;[0m    &amp#27;[90m# ku.atm.StepDefATM.a_customer_with_id_and_pin_exists(int,int)&amp#27;[0m
  &amp#27;[32mWhen &amp#27;[0m&amp#27;[32mI login to ATM with id &amp#27;[0m&amp#27;[32m&amp#27;[1m999&amp#27;[0m&amp#27;[32m and pin &amp#27;[0m&amp#27;[32m&amp#27;[1m111&amp#27;[0m      &amp#27;[90m# ku.atm.StepDefATM.i_login_to_ATM_with_id_and_pin(int,int)&amp#27;[0m
  &amp#27;[32mThen &amp#27;[0m&amp#27;[32mI cannot login&amp#27;[0m                              &amp#27;[90m# ku.atm.StepDefATM.i_cannot_login()&amp#27;[0m
  &amp#27;[32mAnd &amp#27;[0m&amp#27;[32mI should see an error message &amp#27;[0m&amp#27;[32m&amp#27;[1m"ID not found"&amp#27;[0m &amp#27;[90m# ku.atm.StepDefATM.i_should_see_an_error_message(java.lang.String)&amp#27;[0m
]]></system-out>
  </testcase>
  <testcase name="Transfer amount less than my balance" classname="transfer" time="0.008">
    <system-out><![CDATA[
Scenario: Transfer amount less than my balance                   &amp#27;[90m# features/transfer.feature:10&amp#27;[0m
  &amp#27;[32mGiven &amp#27;[0m&amp#27;[32ma customer with id &amp#27;[0m&amp#27;[32m&amp#27;[1m1&amp#27;[0m&amp#27;[32m and pin &amp#27;[0m&amp#27;[32m&amp#27;[1m111&amp#27;[0m&amp#27;[32m with balance &amp#27;[0m&amp#27;[32m&amp#27;[1m200&amp#27;[0m&amp#27;[32m exists&amp#27;[0m &amp#27;[90m# ku.atm.StepDefATM.a_customer_with_id_and_pin_with_balance_exists(int,int,double)&amp#27;[0m
  &amp#27;[32mAnd &amp#27;[0m&amp#27;[32ma customer with id &amp#27;[0m&amp#27;[32m&amp#27;[1m2&amp#27;[0m&amp#27;[32m and pin &amp#27;[0m&amp#27;[32m&amp#27;[1m222&amp#27;[0m&amp#27;[32m with balance &amp#27;[0m&amp#27;[32m&amp#27;[1m50&amp#27;[0m&amp#27;[32m exists&amp#27;[0m    &amp#27;[90m# ku.atm.StepDefATM.a_customer_with_id_and_pin_with_balance_exists(int,int,double)&amp#27;[0m
  &amp#27;[32mWhen &amp#27;[0m&amp#27;[32mI login to ATM with id &amp#27;[0m&amp#27;[32m&amp#27;[1m1&amp#27;[0m&amp#27;[32m and pin &amp#27;[0m&amp#27;[32m&amp#27;[1m111&amp#27;[0m                      &amp#27;[90m# ku.atm.StepDefATM.i_login_to_ATM_with_id_and_pin(int,int)&amp#27;[0m
  &amp#27;[32mWhen &amp#27;[0m&amp#27;[32mI transfer &amp#27;[0m&amp#27;[32m&amp#27;[1m20&amp#27;[0m&amp#27;[32m to customer id &amp#27;[0m&amp#27;[32m&amp#27;[1m2&amp#27;[0m                            &amp#27;[90m# ku.atm.StepDefATM.i_transfer_to_customer_id(double,int)&amp#27;[0m
  &amp#27;[32mThen &amp#27;[0m&amp#27;[32mmy account balance is &amp#27;[0m&amp#27;[32m&amp#27;[1m180&amp#27;[0m                                 &amp#27;[90m# ku.atm.StepDefATM.my_account_balance_is(double)&amp#27;[0m
  &amp#27;[32mAnd &amp#27;[0m&amp#27;[32mcustomer id &amp#27;[0m&amp#27;[32m&amp#27;[1m2&amp#27;[0m&amp#27;[32m account balance is &amp#27;[0m&amp#27;[32m&amp#27;[1m70&amp#27;[0m                        &amp#27;[90m# ku.atm.StepDefATM.customer_id_account_balance_is(int,double)&amp#27;[0m
]]></system-out>
  </testcase>
  <testcase name="Withdraw amount less than balance" classname="withdraw" time="0.005">
    <system-out><![CDATA[
Scenario: Withdraw amount less than balance                      &amp#27;[90m# features/withdraw.feature:9&amp#27;[0m
  &amp#27;[32mGiven &amp#27;[0m&amp#27;[32ma customer with id &amp#27;[0m&amp#27;[32m&amp#27;[1m1&amp#27;[0m&amp#27;[32m and pin &amp#27;[0m&amp#27;[32m&amp#27;[1m111&amp#27;[0m&amp#27;[32m with balance &amp#27;[0m&amp#27;[32m&amp#27;[1m200&amp#27;[0m&amp#27;[32m exists&amp#27;[0m &amp#27;[90m# ku.atm.StepDefATM.a_customer_with_id_and_pin_with_balance_exists(int,int,double)&amp#27;[0m
  &amp#27;[32mWhen &amp#27;[0m&amp#27;[32mI login to ATM with id &amp#27;[0m&amp#27;[32m&amp#27;[1m1&amp#27;[0m&amp#27;[32m and pin &amp#27;[0m&amp#27;[32m&amp#27;[1m111&amp#27;[0m                      &amp#27;[90m# ku.atm.StepDefATM.i_login_to_ATM_with_id_and_pin(int,int)&amp#27;[0m
  &amp#27;[32mWhen &amp#27;[0m&amp#27;[32mI withdraw &amp#27;[0m&amp#27;[32m&amp#27;[1m50&amp#27;[0m&amp#27;[32m from ATM&amp#27;[0m                                    &amp#27;[90m# ku.atm.StepDefATM.i_withdraw_from_atm(double)&amp#27;[0m
  &amp#27;[32mThen &amp#27;[0m&amp#27;[32mmy account balance is &amp#27;[0m&amp#27;[32m&amp#27;[1m150&amp#27;[0m                                 &amp#27;[90m# ku.atm.StepDefATM.my_account_balance_is(double)&amp#27;[0m
]]></system-out>
  </testcase>
  <testcase name="Withdraw amount more than balance" classname="withdraw" time="0.005">
    <system-out><![CDATA[
Scenario: Withdraw amount more than balance                      &amp#27;[90m# features/withdraw.feature:13&amp#27;[0m
  &amp#27;[32mGiven &amp#27;[0m&amp#27;[32ma customer with id &amp#27;[0m&amp#27;[32m&amp#27;[1m1&amp#27;[0m&amp#27;[32m and pin &amp#27;[0m&amp#27;[32m&amp#27;[1m111&amp#27;[0m&amp#27;[32m with balance &amp#27;[0m&amp#27;[32m&amp#27;[1m200&amp#27;[0m&amp#27;[32m exists&amp#27;[0m &amp#27;[90m# ku.atm.StepDefATM.a_customer_with_id_and_pin_with_balance_exists(int,int,double)&amp#27;[0m
  &amp#27;[32mWhen &amp#27;[0m&amp#27;[32mI login to ATM with id &amp#27;[0m&amp#27;[32m&amp#27;[1m1&amp#27;[0m&amp#27;[32m and pin &amp#27;[0m&amp#27;[32m&amp#27;[1m111&amp#27;[0m                      &amp#27;[90m# ku.atm.StepDefATM.i_login_to_ATM_with_id_and_pin(int,int)&amp#27;[0m
  &amp#27;[32mWhen &amp#27;[0m&amp#27;[32mI overdraw &amp#27;[0m&amp#27;[32m&amp#27;[1m5000&amp#27;[0m&amp#27;[32m from ATM&amp#27;[0m                                  &amp#27;[90m# ku.atm.StepDefATM.i_withdraw_from_atm_more_than_balance(double)&amp#27;[0m
  &amp#27;[32mThen &amp#27;[0m&amp#27;[32mmy account balance is &amp#27;[0m&amp#27;[32m&amp#27;[1m200&amp#27;[0m                                 &amp#27;[90m# ku.atm.StepDefATM.my_account_balance_is(double)&amp#27;[0m
]]></system-out>
  </testcase>
</testsuite>